#######################################################################################
# log primitive debug message of FSDB dumping                                         #
# This is for R&D to analyze when there are issues happening when FSDB dump           #
#######################################################################################
ANF: vcsd_get_serial_mode_status('simv: undefined symbol: vcsd_get_serial_mode_status')
ANF: vcsd_enable_sva_success_callback('simv: undefined symbol: vcsd_enable_sva_success_callback')
ANF: vcsd_disable_sva_success_callback('simv: undefined symbol: vcsd_disable_sva_success_callback')
ANF: vcsd_get_power_scope_name('simv: undefined symbol: vcsd_get_power_scope_name')
ANF: vcsd_dump_var_vpdg('simv: undefined symbol: vcsd_dump_var_vpdg')
ANF: vcsd_begin_no_value_var_info('simv: undefined symbol: vcsd_begin_no_value_var_info')
ANF: vcsd_end_no_value_var_info('simv: undefined symbol: vcsd_end_no_value_var_info')
ANF: vcsd_remove_xprop_merge_mode_callback('simv: undefined symbol: vcsd_remove_xprop_merge_mode_callback')
ANF: vhpi_get_cb_info('simv: undefined symbol: vhpi_get_cb_info')
ANF: vhpi_free_handle('simv: undefined symbol: vhpi_free_handle')
ANF: vhpi_fetch_vcsd_handle('simv: undefined symbol: vhpi_fetch_vcsd_handle')
ANF: vhpi_fetch_vpi_handle('simv: undefined symbol: vhpi_fetch_vpi_handle')
ANF: vhpi_has_verilog_parent('simv: undefined symbol: vhpi_has_verilog_parent')
ANF: vhpi_is_verilog_scope('simv: undefined symbol: vhpi_is_verilog_scope')
ANF: scsd_xprop_is_enabled('simv: undefined symbol: scsd_xprop_is_enabled')
ANF: scsd_xprop_sig_is_promoted('simv: undefined symbol: scsd_xprop_sig_is_promoted')
ANF: scsd_xprop_int_xvalue('simv: undefined symbol: scsd_xprop_int_xvalue')
ANF: scsd_xprop_bool_xvalue('simv: undefined symbol: scsd_xprop_bool_xvalue')
ANF: scsd_xprop_enum_xvalue('simv: undefined symbol: scsd_xprop_enum_xvalue')
ANF: scsd_xprop_register_merge_mode_cb('simv: undefined symbol: scsd_xprop_register_merge_mode_cb')
ANF: scsd_xprop_delete_merge_mode_cb('simv: undefined symbol: scsd_xprop_delete_merge_mode_cb')
ANF: scsd_xprop_get_merge_mode('simv: undefined symbol: scsd_xprop_get_merge_mode')
ANF: scsd_thread_get_info('simv: undefined symbol: scsd_thread_get_info')
ANF: scsd_thread_vc_init('simv: undefined symbol: scsd_thread_vc_init')
ANF: scsd_master_set_delta_sync_cbk('simv: undefined symbol: scsd_master_set_delta_sync_cbk')
ANF: scsd_fgp_get_fsdb_cores('simv: undefined symbol: scsd_fgp_get_fsdb_cores')
ANF: scsd_fgp_get_is_cpu_affinity_disabled('simv: undefined symbol: scsd_fgp_get_is_cpu_affinity_disabled')
ANF: vdi_dt_get_vlog_variant_size_array_info('simv: undefined symbol: vdi_dt_get_vlog_variant_size_array_info')
ANF: vdi_flat_node_get_total_bit_size('simv: undefined symbol: vdi_flat_node_get_total_bit_size')
ANF: vhdi_dt_get_type('simv: undefined symbol: vhdi_dt_get_type')
ANF: vhdi_dt_get_key('simv: undefined symbol: vhdi_dt_get_key')
ANF: vhdi_dt_get_vhdl_enum_info('simv: undefined symbol: vhdi_dt_get_vhdl_enum_info')
ANF: vhdi_dt_get_vhdl_physical_info('simv: undefined symbol: vhdi_dt_get_vhdl_physical_info')
ANF: vhdi_dt_get_vhdl_array_info('simv: undefined symbol: vhdi_dt_get_vhdl_array_info')
ANF: vhdi_dt_get_vhdl_record_info('simv: undefined symbol: vhdi_dt_get_vhdl_record_info')
ANF: vhdi_dt_get_vhdl_integer_range_info('simv: undefined symbol: vhdi_dt_get_vhdl_integer_range_info')
ANF: vhdi_def_traverse_module('simv: undefined symbol: vhdi_def_traverse_module')
ANF: vhdi_def_traverse_scope('simv: undefined symbol: vhdi_def_traverse_scope')
ANF: vhdi_def_traverse_variable('simv: undefined symbol: vhdi_def_traverse_variable')
ANF: vhdi_def_get_module_id_by_vhpi('simv: undefined symbol: vhdi_def_get_module_id_by_vhpi')
ANF: vhdi_def_get_handle_by_module_id('simv: undefined symbol: vhdi_def_get_handle_by_module_id')
ANF: vhdi_def_get_variable_info_by_vhpi('simv: undefined symbol: vhdi_def_get_variable_info_by_vhpi')
ANF: vhdi_def_free('simv: undefined symbol: vhdi_def_free')
ANF: vhdi_ist_traverse_scope('simv: undefined symbol: vhdi_ist_traverse_scope')
ANF: vhdi_ist_traverse_variable('simv: undefined symbol: vhdi_ist_traverse_variable')
ANF: vhdi_ist_convert_by_vhpi('simv: undefined symbol: vhdi_ist_convert_by_vhpi')
ANF: vhdi_ist_clone('simv: undefined symbol: vhdi_ist_clone')
ANF: vhdi_ist_free('simv: undefined symbol: vhdi_ist_free')
ANF: vhdi_ist_hash_key('simv: undefined symbol: vhdi_ist_hash_key')
ANF: vhdi_ist_compare('simv: undefined symbol: vhdi_ist_compare')
ANF: vhdi_ist_get_value_addr('simv: undefined symbol: vhdi_ist_get_value_addr')
ANF: vhdi_set_scsd_callback('simv: undefined symbol: vhdi_set_scsd_callback')
ANF: vhdi_cbk_set_force_callback('simv: undefined symbol: vhdi_cbk_set_force_callback')
ANF: vhdi_trigger_init_force('simv: undefined symbol: vhdi_trigger_init_force')
ANF: vhdi_ist_check_scsd_callback('simv: undefined symbol: vhdi_ist_check_scsd_callback')
ANF: vhdi_ist_add_scsd_callback('simv: undefined symbol: vhdi_ist_add_scsd_callback')
ANF: vhdi_ist_remove_scsd_callback('simv: undefined symbol: vhdi_ist_remove_scsd_callback')
ANF: vhdi_ist_get_scsd_user_data('simv: undefined symbol: vhdi_ist_get_scsd_user_data')
ANF: vhdi_add_time_change_callback('simv: undefined symbol: vhdi_add_time_change_callback')
ANF: vhdi_get_real_value_by_value_addr('simv: undefined symbol: vhdi_get_real_value_by_value_addr')
ANF: vhdi_get_64_value_by_value_addr('simv: undefined symbol: vhdi_get_64_value_by_value_addr')
ANF: vhdi_xprop_inst_is_promoted('simv: undefined symbol: vhdi_xprop_inst_is_promoted')
ANF: vdi_ist_convert_by_vhdi('simv: undefined symbol: vdi_ist_convert_by_vhdi')
ANF: vhdi_ist_get_module_id('simv: undefined symbol: vhdi_ist_get_module_id')
ANF: vhdi_refine_foreign_scope_type('simv: undefined symbol: vhdi_refine_foreign_scope_type')
ANF: vhdi_flush_callback('simv: undefined symbol: vhdi_flush_callback')
ANF: vhdi_set_orig_name('simv: undefined symbol: vhdi_set_orig_name')
ANF: vhdi_set_dump_pt('simv: undefined symbol: vhdi_set_dump_pt')
ANF: vhdi_set_int_subtype('simv: undefined symbol: vhdi_set_int_subtype')
ANF: vhdi_get_fsdb_option('simv: undefined symbol: vhdi_get_fsdb_option')
ANF: vhdi_fgp_get_mode('simv: undefined symbol: vhdi_fgp_get_mode')
ANF: vhdi_node_register_composite_var('simv: undefined symbol: vhdi_node_register_composite_var')
ANF: vhdi_node_analysis('simv: undefined symbol: vhdi_node_analysis')
ANF: vhdi_node_id('simv: undefined symbol: vhdi_node_id')
ANF: vhdi_node_ist_check_scsd_callback('simv: undefined symbol: vhdi_node_ist_check_scsd_callback')
ANF: vhdi_node_ist_add_scsd_callback('simv: undefined symbol: vhdi_node_ist_add_scsd_callback')
ANF: vhdi_node_ist_get_value_addr('simv: undefined symbol: vhdi_node_ist_get_value_addr')
ANF: vhdi_enc_def_traverse_module('simv: undefined symbol: vhdi_enc_def_traverse_module')
ANF: vhdi_enc_def_traverse_scope('simv: undefined symbol: vhdi_enc_def_traverse_scope')
ANF: vhdi_enc_def_traverse_variable('simv: undefined symbol: vhdi_enc_def_traverse_variable')
ANF: vhdi_enc_ist_traverse_scope('simv: undefined symbol: vhdi_enc_ist_traverse_scope')
ANF: vhdi_enc_ist_traverse_variable('simv: undefined symbol: vhdi_enc_ist_traverse_variable')
ANF: vhdi_enc_ist_get_module_id('simv: undefined symbol: vhdi_enc_ist_get_module_id')
ANF: vhdi_enc_def_get_handle_by_module_id('simv: undefined symbol: vhdi_enc_def_get_handle_by_module_id')
VCS compile option:
 option[0]: simv
 option[1]: +v2k
 option[2]: /usr/cad/synopsys/vcs/2023.03/linux64/bin/vcs1
 option[3]: -Mcc=gcc
 option[4]: -Mcplusplus=g++
 option[5]: -Masflags=
 option[6]: -Mcfl= -pipe -fPIC -O -I/usr/cad/synopsys/vcs/2023.03/include 
 option[7]: -Mxllcflags=
 option[8]: -Mxcflags= -pipe -fPIC -I/usr/cad/synopsys/vcs/2023.03/include
 option[9]: -Mldflags= -rdynamic 
 option[10]: -Mout=simv
 option[11]: -Mamsrun=
 option[12]: -Mvcsaceobjs=
 option[13]: -Mobjects= /usr/cad/synopsys/vcs/2023.03/linux64/lib/libvirsim.so /usr/cad/synopsys/vcs/2023.03/linux64/lib/liberrorinf.so /usr/cad/synopsys/vcs/2023.03/linux64/lib/libsnpsmalloc.so /usr/cad/synopsys/vcs/2023.03/linux64/lib/libvfs.so 
 option[14]: -Mexternalobj=
 option[15]: -Msaverestoreobj=/usr/cad/synopsys/vcs/2023.03/linux64/lib/vcs_save_restore_new.o
 option[16]: -Mcrt0=
 option[17]: -Mcrtn=
 option[18]: -Mcsrc=
 option[19]: -Msyslibs=/usr/cad/synopsys/verdi/2023.03/share/PLI/VCS/LINUX64/pli.a -ldl 
 option[20]: -Xvcs_run_simv=1
 option[21]: -full64
 option[22]: -debug_access+all
 option[23]: +vpi
 option[24]: +vcsd1
 option[25]: +itf+/usr/cad/synopsys/vcs/2023.03/linux64/lib/vcsdp_lite.tab
 option[26]: +v2k
 option[27]: -picarchive
 option[28]: -P
 option[29]: /usr/cad/synopsys/verdi/2023.03/share/PLI/VCS/LINUX64/verdi.tab
 option[30]: -fsdb
 option[31]: -gen_obj
 option[32]: testbench.v
 option[33]: Multipliper.v
 option[34]: Add.v
 option[35]: MUX2.v
 option[36]: MUX3.v
 option[37]: MUX4.v
 option[38]: Register.v
 option[39]: ROM.v
 option[40]: Datapath.v
 option[41]: Controller.v
 option[42]: RGB2YUV.v
 option[43]: -load
 option[44]: /usr/cad/synopsys/verdi/2023.03/share/PLI/VCS/LINUX64/libnovas.so:FSDBDumpCmd
Chronologic Simulation VCS Release U-2023.03_Full64
Linux 3.10.0-1160.71.1.el7.x86_64 #1 SMP Tue Jun 28 15:37:28 UTC 2022 x86_64
CPU cores: 12
Limit information:
======================================
cputime		unlimited
filesize		unlimited
datasize		unlimited
stacksize		8192 kbytes
coredumpsize		0 kbytes
memoryuse		unlimited
vmemoryuse		unlimited
descriptors		4096
memorylocked		64 kbytes
maxproc		4096
======================================
(Special)Runtime environment variables:

Runtime environment variables:
REMOTEHOST=140.117.25.135
SYNOPSYS_LC_ROOT=/cad/synopsys/lc/cur
MANPATH=/usr/cad/synopsys/synthesis/2022.12/doc/syn/man:/usr/cad/synopsys/vcs/2023.03//doc/man
SNPS_VCS_INTERNAL_MAKE_OPT=
XDG_SESSION_ID=3991
HOSTNAME=vlsida.cse.nsysu.edu.tw
UNAME=/bin/uname
SELINUX_ROLE_REQUESTED=
SCRNAME=vcs
VCS_DEPTH=0
HOST=vlsida.cse.nsysu.edu.tw
TERM=xterm
SHELL=/bin/bash
HISTSIZE=1000
MAKEFLAGS=
SSH_CLIENT=140.117.25.135 5936 22
SELINUX_USE_CURRENT_RANGE=
SSH_TTY=/dev/pts/1
LC_ALL=C
SNPS_VCS_INTERNAL_ROOT_PID=57710
GROUP=VLSICAD33
USER=VLSICAD33
LD_LIBRARY_PATH=/usr/cad/synopsys/vcs/2023.03//lib:/usr/cad/synopsys/vcs/2023.03/linux64/lib:/usr/cad/synopsys/verdi/cur/share/PLI/VCS/LINUX64::/lib64:/usr/lib64:/usr/local/lib64:/usr/cad/synopsys/verdi/2023.03/etc/lib/libstdc++/LINUX64/:/usr/cad/synopsys/verdi/2023.03/share/PLI/lib/LINUX64/:/usr/cad/synopsys/verdi/2023.03/share/PLI/VCS/LINUX64/::
LS_COLORS=rs=0:di=01;34:ln=01;36:mh=00:pi=40;33:so=01;35:do=01;35:bd=40;33;01:cd=40;33;01:or=40;31;01:mi=01;05;37;41:su=37;41:sg=30;43:ca=30;41:tw=30;42:ow=34;42:st=37;44:ex=01;32:*.tar=01;31:*.tgz=01;31:*.arc=01;31:*.arj=01;31:*.taz=01;31:*.lha=01;31:*.lz4=01;31:*.lzh=01;31:*.lzma=01;31:*.tlz=01;31:*.txz=01;31:*.tzo=01;31:*.t7z=01;31:*.zip=01;31:*.z=01;31:*.Z=01;31:*.dz=01;31:*.gz=01;31:*.lrz=01;31:*.lz=01;31:*.lzo=01;31:*.xz=01;31:*.bz2=01;31:*.bz=01;31:*.tbz=01;31:*.tbz2=01;31:*.tz=01;31:*.deb=01;31:*.rpm=01;31:*.jar=01;31:*.war=01;31:*.ear=01;31:*.sar=01;31:*.rar=01;31:*.alz=01;31:*.ace=01;31:*.zoo=01;31:*.cpio=01;31:*.7z=01;31:*.rz=01;31:*.cab=01;31:*.jpg=01;35:*.jpeg=01;35:*.gif=01;35:*.bmp=01;35:*.pbm=01;35:*.pgm=01;35:*.ppm=01;35:*.tga=01;35:*.xbm=01;35:*.xpm=01;35:*.tif=01;35:*.tiff=01;35:*.png=01;35:*.svg=01;35:*.svgz=01;35:*.mng=01;35:*.pcx=01;35:*.mov=01;35:*.mpg=01;35:*.mpeg=01;35:*.m2v=01;35:*.mkv=01;35:*.webm=01;35:*.ogm=01;35:*.mp4=01;35:*.m4v=01;35:*.mp4v=01;35:*.vob=01;35:*.qt=01;35:*.nuv=01;35:*.wmv=01;35:*.asf=01;35:*.rm=01;35:*.rmvb=01;35:*.flc=01;35:*.avi=01;35:*.fli=01;35:*.flv=01;35:*.gl=01;35:*.dl=01;35:*.xcf=01;35:*.xwd=01;35:*.yuv=01;35:*.cgm=01;35:*.emf=01;35:*.axv=01;35:*.anx=01;35:*.ogv=01;35:*.ogx=01;35:*.aac=01;36:*.au=01;36:*.flac=01;36:*.mid=01;36:*.midi=01;36:*.mka=01;36:*.mp3=01;36:*.mpc=01;36:*.ogg=01;36:*.ra=01;36:*.wav=01;36:*.axa=01;36:*.oga=01;36:*.spx=01;36:*.xspf=01;36:
SCRIPT_NAME=vcs
VCS_MX_HOME_INTERNAL=1
HOSTTYPE=x86_64-linux
SNPS_VCS_CLANG_PATH=/usr/cad/synopsys/vcs/2023.03//linux64/clang
MAKELEVEL=1
VCS_USER_OPTIONS=testbench.v Multipliper.v Add.v MUX2.v MUX3.v MUX4.v Register.v ROM.v Datapath.v Controller.v RGB2YUV.v -R -full64 -debug_access+all +v2k
OVA_UUM=0
MFLAGS=
VCS_MODE_FLAG=64
MAIL=/var/spool/mail/VLSICAD33
PATH=.:/usr/cad/synopsys/vcs/2023.03//amd64/bin:/usr/cad/synopsys/verdi/2023.03/bin:/usr/cad/synopsys/synthesis/2022.12/amd64/syn/bin:/cad/synopsys/lc/cur/bin:/usr/local/bin:/usr/bin:/usr/local/sbin:/usr/sbin:/home/VLSICAD33/.local/bin:/home/VLSICAD33/bin
SNPS_VCS_INTERNAL_CURR_PID=57710
VERDI_HOME=/usr/cad/synopsys/verdi/2023.03
PWD=/home/VLSICAD33/CSE_CAD_VLSI/lab3
VCS_HOME=/usr/cad/synopsys/vcs/2023.03/
SNPS_VCS_INTERNAL_MEMPRELOAD_USE_LIBC=1
SNPS_INTERNAL_VCS_LINUX_OS=linux
LANG=en_US.UTF-8
VMR_MODE_FLAG=64
SELINUX_LEVEL_REQUESTED=
VCS_CC=gcc
LM_LICENSE_FILE=26585@lstn
HISTCONTROL=ignoredups
VCS_ARG_ADDED_FOR_TMP=1
SNPS_VCS_TMPDIR=/tmp/vcs_20230515193521_57710
SHLVL=3
HOME=/home/VLSICAD33
OSTYPE=linux
VCS_COM=/usr/cad/synopsys/vcs/2023.03/linux64/bin/vcs1
VENDOR=unknown
LOGNAME=VLSICAD33
MACHTYPE=x86_64
SNPS_VCS_INTERNAL_MAKE=make
SNPS_VCS_INTERNAL_ROOT_START_TIME=1684179321.163704351
SSH_CONNECTION=140.117.25.135 5936 140.117.176.78 22
XDG_DATA_DIRS=/home/VLSICAD33/.local/share/flatpak/exports/share:/var/lib/flatpak/exports/share:/usr/local/share:/usr/share
LESSOPEN=||/usr/bin/lesspipe.sh %s
SHLIB_PATH=/usr/cad/synopsys/verdi/2023.03/etc/lib/libstdc++/LINUX64/:/usr/cad/synopsys/verdi/2023.03/share/PLI/lib/LINUX64/:/usr/cad/synopsys/verdi/2023.03/share/PLI/VCS/LINUX64/:
sysc_uni_pwd=/home/VLSICAD33/CSE_CAD_VLSI/lab3
DISPLAY=localhost:11.0
XDG_RUNTIME_DIR=/run/user/1034
VCS_ARCH=linux64
SYN_MAN_DIR=/usr/cad/synopsys/vcs/2023.03//doc/man
TOOL_HOME=/usr/cad/synopsys/vcs/2023.03/linux64
_=./simv
OLDPWD=/home/VLSICAD33/CSE_CAD_VLSI/lab3/simv.daidir/debug_dump/fsearch
VCS_PATHMAP_PRELOAD_DONE=1
VCS_EXEC_DONE=1
DVE=/usr/cad/synopsys/vcs/2023.03//gui/dve
SPECMAN_OUTPUT_TO_TTY=1
FLEXLM_BORROWFILE=/home/VLSICAD33/.vlsida.cse.nsysu.edu.tw-borrow.txt
Runtime command line arguments:
argv[0]=simv
argv[1]=+v2k
231 profile - 100
          CPU/Mem usage: 0.040 sys,  0.200 user,  270.67M mem
232 Elapsed time:    0:00:01    Tue May 16 03:35:24 2023
233 User CPU time used: 0 seconds
234 System CPU time used: 0 seconds
235 pliAppInit
236 [SC]Init: MemoryConsumed=0.00MB ElapsedTime=0hour 0min. 0sec.
237 FSDB_GATE is set.
238 FSDB_RTL is set.
239 FSDB_ALIAS_ARRAY_ELEM is set to 4294967295.
240 Enable Parallel Dumping.
241 pliAppMiscSet: New Sim Round
242 pliEntryInit
243 LIBSSCORE=found /usr/cad/synopsys/verdi/2023.03/share/PLI/lib/LINUXAMD64/libsscore_vcs202303.so through $NOVAS_HOME setting.
244 FSDB Dumper for VCS, Release Verdi_U-2023.03, Linux x86_64/64bit, 02/16/2023
245 (C) 1996 - 2023 by Synopsys, Inc.
246 sps_call_fsdbDumpfile_main at 0 : testbench.v(67)
247 argv[0]: (top.fsdb)
248 *Verdi* : Create FSDB file 'top.fsdb'
249 [spi_vcs_vd_ppi_create_root]: no upf option
250 compile option from '/home/VLSICAD33/CSE_CAD_VLSI/lab3/simv.daidir/vcs_rebuild'.
251   "vcs 'testbench.v' 'Multipliper.v' 'Add.v' 'MUX2.v' 'MUX3.v' 'MUX4.v' 'Register.v' 'ROM.v' 'Datapath.v' 'Controller.v' 'RGB2YUV.v' '-R' '-full64' '-debug_access+all' '+v2k' 2>&1"
252 DVDI_is_vir_unload_enabled is enable
253 FSDB_VCS_ENABLE_NATIVE_VC is enable
254 sps_call_fsdbDumpMDA_vd_main at 0 : testbench.v(68)
255 *Verdi* : Begin traversing the MDAs, layer (0).
256 *Verdi* : Enable +mda and +packedmda dumping.
257 *Verdi* : End of traversing the MDAs.
258 pliAppHDL_DumpVarComplete traverse var: profile - 
          CPU/Mem usage: 0.060 sys,  0.240 user,  378.43M mem
                   incr: 0.020 sys,  0.030 user,  16.05M mem
                   accu: 0.020 sys,  0.030 user,  16.05M mem
              accu incr: 0.020 sys,  0.030 user,  16.05M mem

          Count usage: 200001 var,  200001 idcode,  1 callback
                 incr: 200001 var,  200001 idcode,  1 callback
                 accu: 200001 var,  200001 idcode,  1 callback
            accu incr: 200001 var,  200001 idcode,  1 callback
259 Elapsed time:    0:00:02    Tue May 16 03:35:25 2023
260 User CPU time used: 0 seconds
261 System CPU time used: 0 seconds
262 pliAppHDL_DumpVarComplete: profile - 
          CPU/Mem usage: 0.060 sys,  0.280 user,  389.03M mem
                   incr: 0.000 sys,  0.040 user,  10.60M mem
                   accu: 0.020 sys,  0.070 user,  26.65M mem
              accu incr: 0.000 sys,  0.040 user,  10.60M mem

          Count usage: 200001 var,  200001 idcode,  1 callback
                 incr: 0 var,  0 idcode,  0 callback
                 accu: 200001 var,  200001 idcode,  1 callback
            accu incr: 0 var,  0 idcode,  0 callback
263 Elapsed time:    0:00:02    Tue May 16 03:35:25 2023
264 User CPU time used: 0 seconds
265 System CPU time used: 0 seconds
266 sps_call_fsdbDumpvars_vd_main at 0 : testbench.v(69)
267 *Verdi* : Begin traversing the scopes, layer (0).
268 *Verdi* : End of traversing.
269 pliAppHDL_DumpVarComplete traverse var: profile - 
          CPU/Mem usage: 0.060 sys,  0.280 user,  393.28M mem
                   incr: 0.000 sys,  0.000 user,  4.24M mem
                   accu: 0.000 sys,  0.000 user,  4.24M mem
              accu incr: 0.000 sys,  0.000 user,  4.24M mem

          Count usage: 200164 var,  200087 idcode,  46 callback
                 incr: 163 var,  86 idcode,  45 callback
                 accu: 163 var,  86 idcode,  45 callback
            accu incr: 163 var,  86 idcode,  45 callback
270 Elapsed time:    0:00:02    Tue May 16 03:35:25 2023
271 User CPU time used: 0 seconds
272 System CPU time used: 0 seconds
273 pliAppHDL_DumpVarComplete: profile - 
          CPU/Mem usage: 0.060 sys,  0.300 user,  393.28M mem
                   incr: 0.000 sys,  0.020 user,  0.00M mem
                   accu: 0.000 sys,  0.020 user,  4.24M mem
              accu incr: 0.000 sys,  0.020 user,  0.00M mem

          Count usage: 200164 var,  200087 idcode,  46 callback
                 incr: 0 var,  0 idcode,  0 callback
                 accu: 163 var,  86 idcode,  45 callback
            accu incr: 0 var,  0 idcode,  0 callback
274 Elapsed time:    0:00:02    Tue May 16 03:35:25 2023
275 User CPU time used: 0 seconds
276 System CPU time used: 0 seconds
277 End of simulation at 31459640000
278 Memory usage: 534.569 M
279 Maximum resident set size: 198 MB
280 Hard page faults: 0
281 Soft page faults: 61469
282 Elapsed time:    0:00:04    Tue May 16 03:35:27 2023
283 User CPU time used: 2 seconds
284 System CPU time used: 0 seconds
285 Begin FSDB profile info:
286 FSDB Writer : bc1(1835315) bcn(6925885) mtf/stf(0/2)
FSDB Writer elapsed time : flush(1.202394) io wait(0.000000) theadpool wait(0.000000)
FSDB Writer cpu time : MT Compression : 0
287 End FSDB profile info
288 FSDB closed. Name: top.fsdb Size: 4967223
289 Parallel profile     - ProducerThread:1 ConsumerThread:1 Buffer:64MB
290                      - BlockUsed:76 Acquire:0 BufferUsed:156033052
291                      - Flush:4 Expand:0 ProducerWait:0 ConsumerWait:32
292                      - MainProducerTime:2.030950833 TotalConsumerTime:1.233252359
293                      - ElapsedTime:3.836857000
294 Producer   0 profile - BlockUsed:76 Acquire:0 BufferUsed:156033052
295 Consumer   0 profile - Affinity:-1 CPUTime:1.233252359 LifeTime:1.841286587 (0.67%)
296                      - BlockUsed:76 Acquire:0 BufferUsed:156033052
297 SimExit
298 Elapsed time:    0:00:05    Tue May 16 03:35:28 2023
299 User CPU time used: 3 seconds
300 System CPU time used: 0 seconds
301 Sim process exit
